<?xml version="1.0" encoding="UTF-8"?>
<!-- Generated by org.testng.reporters.JUnitXMLReporter -->
<testsuite ignored="0" hostname="MA362" failures="0" tests="1" name="BankingApp Test" time="0.517" errors="0" timestamp="2024-03-28T14:47:37 GMT+05:30">
  <testcase classname="com.inetBanking.base.BaseClass" name="@BeforeClass launchApp" time="-1.711617456923E9">
    <failure type="org.testng.TestNGException" message="
Can inject only one of &amp;lt;ITestContext, XmlTest&amp;gt; into a @BeforeClass annotated launchApp.
For more information on native dependency injection please refer to https://testng.org/doc/documentation-main.html#native-dependency-injection">
      <![CDATA[org.testng.TestNGException: 
Can inject only one of <ITestContext, XmlTest> into a @BeforeClass annotated launchApp.
For more information on native dependency injection please refer to https://testng.org/doc/documentation-main.html#native-dependency-injection
at java.base/java.util.ArrayList.forEach(ArrayList.java:1511)
... Removed 22 stack frames]]>
    </failure>
  </testcase> <!-- @BeforeClass launchApp -->
  <testcase classname="com.inetBanking.base.BaseClass" name="@AfterClass tearDown" time="0.0">
    <skipped/>
  </testcase> <!-- @AfterClass tearDown -->
  <testcase classname="com.inetBanking.testCases.TC_LoginTest_001" name="loginTest" time="0.001">
    <skipped/>
  </testcase> <!-- loginTest -->
</testsuite> <!-- BankingApp Test -->
